2026-04-07 10:54:58:5458 [31merror[39m: [31mUNCAUGHT EXCEPTION! 💥 Shutting down...[39m
2026-04-07 10:55:21:5521 [31merror[39m: [31mUNCAUGHT EXCEPTION! 💥 Shutting down...[39m
2026-04-07 10:55:34:5534 [31merror[39m: [31mUNCAUGHT EXCEPTION! 💥 Shutting down...[39m
2026-04-07 10:56:36:5636 [31merror[39m: [31mUNCAUGHT EXCEPTION! 💥 Shutting down...[39m
2026-04-07 10:57:19:5719 [31merror[39m: [31mUNCAUGHT EXCEPTION! 💥 Shutting down...[39m
2026-04-07 10:57:49:5749 [32minfo[39m: [32m⏳ Initializing MongoDB Connection...[39m
2026-04-07 10:57:49:5749 [32minfo[39m: [32m⏳ Initializing MongoDB Connection...[39m
2026-04-07 10:57:52:5752 [32minfo[39m: [32m✅ MongoDB Connected: ac-lqdenj6-shard-00-00.4ar8n0w.mongodb.net[39m
2026-04-07 10:57:52:5752 [32minfo[39m: [32m✅ MongoDB Connected: ac-lqdenj6-shard-00-00.4ar8n0w.mongodb.net[39m
2026-04-07 10:57:55:5755 [31merror[39m: [31mUNCAUGHT EXCEPTION! 💥 Shutting down...[39m
2026-04-07 10:57:55:5755 [31merror[39m: [31mUNCAUGHT EXCEPTION! 💥 Shutting down...[39m
2026-04-07 10:59:09:599 [32minfo[39m: [32m⏳ Initializing MongoDB Connection...[39m
2026-04-07 10:59:12:5912 [32minfo[39m: [32m✅ MongoDB Connected: ac-lqdenj6-shard-00-00.4ar8n0w.mongodb.net[39m
2026-04-07 10:59:15:5915 [31merror[39m: [31mUNCAUGHT EXCEPTION! 💥 Shutting down...[39m
2026-04-07 10:59:23:5923 [32minfo[39m: [32m⏳ Initializing MongoDB Connection...[39m
2026-04-07 10:59:23:5923 [32minfo[39m: [32m⏳ Initializing MongoDB Connection...[39m
2026-04-07 10:59:27:5927 [32minfo[39m: [32m✅ MongoDB Connected: ac-lqdenj6-shard-00-00.4ar8n0w.mongodb.net[39m
2026-04-07 10:59:27:5927 [32minfo[39m: [32m✅ MongoDB Connected: ac-lqdenj6-shard-00-00.4ar8n0w.mongodb.net[39m
2026-04-07 10:59:30:5930 [31merror[39m: [31mUNCAUGHT EXCEPTION! 💥 Shutting down...[39m
2026-04-07 10:59:30:5930 [31merror[39m: [31mUNCAUGHT EXCEPTION! 💥 Shutting down...[39m
2026-04-07 10:59:35:5935 [32minfo[39m: [32m⏳ Initializing MongoDB Connection...[39m
2026-04-07 10:59:38:5938 [32minfo[39m: [32m✅ MongoDB Connected: ac-lqdenj6-shard-00-00.4ar8n0w.mongodb.net[39m
2026-04-07 10:59:41:5941 [31merror[39m: [31mUNCAUGHT EXCEPTION! 💥 Shutting down...[39m
2026-04-07 11:00:01:01 [32minfo[39m: [32m⏳ Initializing MongoDB Connection...[39m
2026-04-07 11:00:01:01 [32minfo[39m: [32m⏳ Initializing MongoDB Connection...[39m
2026-04-07 11:00:04:04 [32minfo[39m: [32m✅ MongoDB Connected: ac-lqdenj6-shard-00-00.4ar8n0w.mongodb.net[39m
2026-04-07 11:00:04:04 [32minfo[39m: [32m✅ MongoDB Connected: ac-lqdenj6-shard-00-00.4ar8n0w.mongodb.net[39m
2026-04-07 11:00:07:07 [32minfo[39m: [32m📡 Nexus Engine Online: http://localhost:5000[39m
2026-04-07 11:00:07:07 [31merror[39m: [31mUNCAUGHT EXCEPTION! 💥 Shutting down...[39m
2026-04-07 11:00:15:015 [32minfo[39m: [32m⏳ Initializing MongoDB Connection...[39m
2026-04-07 11:00:19:019 [32minfo[39m: [32m✅ MongoDB Connected: ac-lqdenj6-shard-00-00.4ar8n0w.mongodb.net[39m
2026-04-07 11:00:23:023 [31merror[39m: [31mUNCAUGHT EXCEPTION! 💥 Shutting down...[39m
2026-04-07 11:00:30:030 [32minfo[39m: [32m⏳ Initializing MongoDB Connection...[39m
2026-04-07 11:00:30:030 [32minfo[39m: [32m⏳ Initializing MongoDB Connection...[39m
2026-04-07 11:00:34:034 [32minfo[39m: [32m✅ MongoDB Connected: ac-lqdenj6-shard-00-00.4ar8n0w.mongodb.net[39m
2026-04-07 11:00:34:034 [32minfo[39m: [32m✅ MongoDB Connected: ac-lqdenj6-shard-00-00.4ar8n0w.mongodb.net[39m
2026-04-07 11:00:37:037 [32minfo[39m: [32m📡 Nexus Engine Online: http://localhost:5000[39m
2026-04-07 11:00:37:037 [31merror[39m: [31mUNCAUGHT EXCEPTION! 💥 Shutting down...[39m
2026-04-07 11:00:42:042 [32minfo[39m: [32m⏳ Initializing MongoDB Connection...[39m
2026-04-07 11:00:46:046 [32minfo[39m: [32m✅ MongoDB Connected: ac-lqdenj6-shard-00-00.4ar8n0w.mongodb.net[39m
2026-04-07 11:00:53:053 [31merror[39m: [31mUNCAUGHT EXCEPTION! 💥 Shutting down...[39m
2026-04-07 11:01:03:13 [35mhttp[39m: [35mOPTIONS /api/products?name=&limit=1000 204 0 - 1.393 ms[39m
2026-04-07 11:01:03:13 [35mhttp[39m: [35mOPTIONS /api/products/categories 204 0 - 0.590 ms[39m
2026-04-07 11:01:03:13 [35mhttp[39m: [35mGET /api/products/categories 304 - - 499.366 ms[39m
2026-04-07 11:01:03:13 [35mhttp[39m: [35mGET /api/products?name=&limit=1000 304 - - 636.205 ms[39m
2026-04-07 11:10:33:1033 [31merror[39m: [31mUNCAUGHT EXCEPTION! 💥 Shutting down...[39m
2026-04-07 11:10:50:1050 [31merror[39m: [31mUNCAUGHT EXCEPTION! 💥 Shutting down...[39m
2026-04-07 11:11:07:117 [31merror[39m: [31mUNCAUGHT EXCEPTION! 💥 Shutting down...[39m
2026-04-07 11:11:22:1122 [31merror[39m: [31mUNCAUGHT EXCEPTION! 💥 Shutting down...[39m
2026-04-07 11:16:34:1634 [31merror[39m: [31mUNCAUGHT EXCEPTION! 💥 Shutting down...[39m
2026-04-07 11:18:04:184 [31merror[39m: [31mUNCAUGHT EXCEPTION! 💥 Shutting down...[39m
2026-04-07 11:20:42:2042 [31merror[39m: [31mUNCAUGHT EXCEPTION! 💥 Shutting down...[39m
2026-04-07 11:24:46:2446 [33mwarn[39m: [33m⚠️  Port 5000 is occupied. Attempting alternative node...[39m
2026-04-07 11:25:14:2514 [33mwarn[39m: [33m⚠️  Port 5000 is occupied. Attempting alternative node...[39m
2026-04-07 11:25:49:2549 [33mwarn[39m: [33m⚠️  Port 5000 is occupied. Attempting alternative node...[39m
2026-04-07 11:26:24:2624 [33mwarn[39m: [33m⚠️  Port 5000 is occupied. Attempting alternative node...[39m
2026-04-07 11:26:24:2624 [33mwarn[39m: [33m⚠️  Port 5000 is occupied. Attempting alternative node...[39m
2026-04-07 11:26:45:2645 [33mwarn[39m: [33m⚠️  Port 5000 is occupied. Attempting alternative node...[39m
2026-04-07 11:26:46:2646 [33mwarn[39m: [33m⚠️  Port 5000 is occupied. Attempting alternative node...[39m
2026-04-07 11:26:57:2657 [33mwarn[39m: [33m⚠️  Port 5000 is occupied. Attempting alternative node...[39m
2026-04-07 11:28:24:2824 [33mwarn[39m: [33m⚠️  Port 5000 is occupied. Attempting alternative node...[39m
2026-04-07 11:28:24:2824 [33mwarn[39m: [33m⚠️  Port 5000 is occupied. Attempting alternative node...[39m
2026-04-07 11:28:34:2834 [33mwarn[39m: [33m⚠️  Port 5000 is occupied. Attempting alternative node...[39m
2026-04-07 11:28:35:2835 [33mwarn[39m: [33m⚠️  Port 5000 is occupied. Attempting alternative node...[39m
2026-04-07 11:29:51:2951 [33mwarn[39m: [33m⚠️  Port 5000 is occupied. Attempting alternative node...[39m
2026-04-07 11:29:51:2951 [33mwarn[39m: [33m⚠️  Port 5000 is occupied. Attempting alternative node...[39m
2026-04-07 11:31:19:3119 [33mwarn[39m: [33m⚠️  Port 5000 is occupied. Attempting alternative node...[39m
2026-04-07 11:33:06:336 [33mwarn[39m: [33m⚠️  Port 5000 is occupied. Attempting alternative node...[39m
2026-04-07 11:33:06:336 [33mwarn[39m: [33m⚠️  Port 5000 is occupied. Attempting alternative node...[39m
2026-04-07 11:33:21:3321 [33mwarn[39m: [33m⚠️  Port 5000 is occupied. Attempting alternative node...[39m
2026-04-07 11:33:21:3321 [33mwarn[39m: [33m⚠️  Port 5000 is occupied. Attempting alternative node...[39m
2026-04-07 11:33:36:3336 [33mwarn[39m: [33m⚠️  Port 5000 is occupied. Attempting alternative node...[39m
2026-04-07 11:33:49:3349 [33mwarn[39m: [33m⚠️  Port 5000 is occupied. Attempting alternative node...[39m
2026-04-07 11:33:49:3349 [33mwarn[39m: [33m⚠️  Port 5000 is occupied. Attempting alternative node...[39m
2026-04-07 11:33:49:3349 [33mwarn[39m: [33m⚠️  Port 5000 is occupied. Attempting alternative node...[39m
2026-04-07 11:34:07:347 [33mwarn[39m: [33m⚠️  Port 5000 is occupied. Attempting alternative node...[39m
2026-04-07 11:34:08:348 [33mwarn[39m: [33m⚠️  Port 5000 is occupied. Attempting alternative node...[39m
2026-04-07 11:34:08:348 [33mwarn[39m: [33m⚠️  Port 5000 is occupied. Attempting alternative node...[39m
2026-04-07 11:34:25:3425 [33mwarn[39m: [33m⚠️  Port 5000 is occupied. Attempting alternative node...[39m
2026-04-07 11:34:25:3425 [33mwarn[39m: [33m⚠️  Port 5000 is occupied. Attempting alternative node...[39m
2026-04-07 11:34:25:3425 [33mwarn[39m: [33m⚠️  Port 5000 is occupied. Attempting alternative node...[39m
2026-04-07 11:36:55:3655 [33mwarn[39m: [33m⚠️  Port 5000 is occupied. Attempting alternative node...[39m
2026-04-07 11:38:30:3830 [33mwarn[39m: [33m⚠️  Port 5000 is occupied. Attempting alternative node...[39m
2026-04-07 11:41:04:414 [33mwarn[39m: [33m⚠️  Port 5000 is occupied. Attempting alternative node...[39m
2026-04-07 11:41:05:415 [33mwarn[39m: [33m⚠️  Port 5000 is occupied. Attempting alternative node...[39m
2026-04-07 11:41:05:415 [33mwarn[39m: [33m⚠️  Port 5000 is occupied. Attempting alternative node...[39m
2026-04-07 11:41:05:415 [33mwarn[39m: [33m⚠️  Port 5000 is occupied. Attempting alternative node...[39m
2026-04-07 11:41:18:4118 [33mwarn[39m: [33m⚠️  Port 5000 is occupied. Attempting alternative node...[39m
2026-04-07 11:41:18:4118 [33mwarn[39m: [33m⚠️  Port 5000 is occupied. Attempting alternative node...[39m
2026-04-07 11:41:18:4118 [33mwarn[39m: [33m⚠️  Port 5000 is occupied. Attempting alternative node...[39m
2026-04-07 11:41:18:4118 [33mwarn[39m: [33m⚠️  Port 5000 is occupied. Attempting alternative node...[39m
2026-04-07 11:41:35:4135 [33mwarn[39m: [33m⚠️  Port 5000 is occupied. Attempting alternative node...[39m
2026-04-07 11:41:35:4135 [33mwarn[39m: [33m⚠️  Port 5000 is occupied. Attempting alternative node...[39m
2026-04-07 11:41:35:4135 [33mwarn[39m: [33m⚠️  Port 5000 is occupied. Attempting alternative node...[39m
2026-04-07 11:41:35:4135 [33mwarn[39m: [33m⚠️  Port 5000 is occupied. Attempting alternative node...[39m
2026-04-07 11:41:44:4144 [33mwarn[39m: [33m⚠️  Port 5000 is occupied. Attempting alternative node...[39m
2026-04-07 11:42:19:4219 [33mwarn[39m: [33m⚠️  Port 5000 is occupied. Attempting alternative node...[39m
2026-04-07 11:45:00:450 [33mwarn[39m: [33m⚠️  Port 5000 is occupied. Attempting alternative node...[39m
2026-04-07 11:45:00:450 [33mwarn[39m: [33m⚠️  Port 5000 is occupied. Attempting alternative node...[39m
2026-04-07 11:45:00:450 [33mwarn[39m: [33m⚠️  Port 5000 is occupied. Attempting alternative node...[39m
2026-04-07 11:45:00:450 [33mwarn[39m: [33m⚠️  Port 5000 is occupied. Attempting alternative node...[39m
2026-04-07 11:45:42:4542 [33mwarn[39m: [33m⚠️  Port 5000 is occupied. Attempting alternative node...[39m
2026-04-07 11:45:42:4542 [33mwarn[39m: [33m⚠️  Port 5000 is occupied. Attempting alternative node...[39m
2026-04-07 11:45:42:4542 [33mwarn[39m: [33m⚠️  Port 5000 is occupied. Attempting alternative node...[39m
2026-04-07 11:45:42:4542 [33mwarn[39m: [33m⚠️  Port 5000 is occupied. Attempting alternative node...[39m
2026-04-07 11:46:07:467 [33mwarn[39m: [33m⚠️  Port 5000 is occupied. Attempting alternative node...[39m
2026-04-07 11:46:49:4649 [33mwarn[39m: [33m⚠️  Port 5000 is occupied. Attempting alternative node...[39m
2026-04-07 11:46:49:4649 [33mwarn[39m: [33m⚠️  Port 5000 is occupied. Attempting alternative node...[39m
2026-04-07 11:46:50:4650 [33mwarn[39m: [33m⚠️  Port 5000 is occupied. Attempting alternative node...[39m
2026-04-07 11:46:50:4650 [33mwarn[39m: [33m⚠️  Port 5000 is occupied. Attempting alternative node...[39m
2026-04-07 11:46:50:4650 [33mwarn[39m: [33m⚠️  Port 5000 is occupied. Attempting alternative node...[39m
2026-04-07 11:48:50:4850 [33mwarn[39m: [33m⚠️  Port 5000 is occupied. Attempting alternative node...[39m
2026-04-07 11:48:50:4850 [33mwarn[39m: [33m⚠️  Port 5000 is occupied. Attempting alternative node...[39m
2026-04-07 11:48:50:4850 [33mwarn[39m: [33m⚠️  Port 5000 is occupied. Attempting alternative node...[39m
2026-04-07 11:48:51:4851 [33mwarn[39m: [33m⚠️  Port 5000 is occupied. Attempting alternative node...[39m
2026-04-07 11:48:51:4851 [33mwarn[39m: [33m⚠️  Port 5000 is occupied. Attempting alternative node...[39m
2026-04-07 11:48:51:4851 [33mwarn[39m: [33m⚠️  Port 5000 is occupied. Attempting alternative node...[39m
2026-04-07 11:48:58:4858 [33mwarn[39m: [33m⚠️  Port 5000 is occupied. Attempting alternative node...[39m
2026-04-07 11:49:27:4927 [33mwarn[39m: [33m⚠️  Port 5000 is occupied. Attempting alternative node...[39m
2026-04-07 11:51:27:5127 [33mwarn[39m: [33m⚠️  Port 5000 is occupied. Attempting alternative node...[39m
2026-04-07 11:51:27:5127 [33mwarn[39m: [33m⚠️  Port 5000 is occupied. Attempting alternative node...[39m
2026-04-07 11:51:27:5127 [33mwarn[39m: [33m⚠️  Port 5000 is occupied. Attempting alternative node...[39m
2026-04-07 11:51:27:5127 [33mwarn[39m: [33m⚠️  Port 5000 is occupied. Attempting alternative node...[39m
2026-04-07 11:51:27:5127 [33mwarn[39m: [33m⚠️  Port 5000 is occupied. Attempting alternative node...[39m
2026-04-07 11:51:28:5128 [33mwarn[39m: [33m⚠️  Port 5000 is occupied. Attempting alternative node...[39m
2026-04-07 11:53:07:537 [33mwarn[39m: [33m⚠️  Port 5000 is occupied. Attempting alternative node...[39m
2026-04-07 11:57:25:5725 [33mwarn[39m: [33m⚠️  Port 5000 is occupied. Attempting alternative node...[39m
2026-04-07 12:02:15:215 [33mwarn[39m: [33m⚠️  Port 5000 is occupied. Attempting alternative node...[39m
2026-04-07 12:02:46:246 [33mwarn[39m: [33m⚠️  Port 5000 is occupied. Attempting alternative node...[39m
2026-04-07 12:05:50:550 [31merror[39m: [31m❌ Port 5000 is BUSY. Close your other terminal tabs![39m
2026-04-07 12:08:07:87 [31merror[39m: [31m❌ Port 5000 is BUSY. Close your other terminal tabs![39m
2026-04-07 12:10:32:1032 [31merror[39m: [31m❌ Port 5000 is BUSY. Close your other terminal tabs![39m
